Added 2015-12-03 15:40:43
15:40:43 DEBUG [root]: Running maintenance script (at C:\_majordomo\htdocs\lib\general.class.php:547) 
15:40:48 DEBUG [root]: Backing up files... (at C:\_majordomo\htdocs\lib\general.class.php:547) 
15:40:54 DEBUG [root]: Starting ./scripts/cycle_connect.php ...  (at C:\_majordomo\htdocs\lib\general.class.php:547) 
15:40:54 DEBUG [root]: Starting ./scripts/cycle_execs.php ...  (at C:\_majordomo\htdocs\lib\general.class.php:547) 
15:40:54 DEBUG [root]: Starting ./scripts/cycle_main.php ...  (at C:\_majordomo\htdocs\lib\general.class.php:547) 
15:40:54 DEBUG [root]: Starting ./scripts/cycle_ping.php ...  (at C:\_majordomo\htdocs\lib\general.class.php:547) 
15:40:54 DEBUG [root]: Starting ./scripts/cycle_rss.php ...  (at C:\_majordomo\htdocs\lib\general.class.php:547) 
15:40:54 DEBUG [root]: Starting ./scripts/cycle_scheduler.php ...  (at C:\_majordomo\htdocs\lib\general.class.php:547) 
15:40:54 DEBUG [root]: Starting ./scripts/cycle_skype.php ...  (at C:\_majordomo\htdocs\lib\general.class.php:547) 
15:40:54 DEBUG [root]: Starting ./scripts/cycle_states.php ...  (at C:\_majordomo\htdocs\lib\general.class.php:547) 
15:40:54 DEBUG [root]: Starting ./scripts/cycle_websockets.php ...  (at C:\_majordomo\htdocs\lib\general.class.php:547) 
15:40:54 DEBUG [root]: Starting ./scripts/cycle_webvars.php ...  (at C:\_majordomo\htdocs\lib\general.class.php:547) 
15:40:54 DEBUG [root]: Starting ./scripts/cycle_X101_skype.php ...  (at C:\_majordomo\htdocs\lib\general.class.php:547) 
15:40:58 DEBUG [root]: Closing thread: c:/_majordomo/server/php/php.exe -q ./scripts/cycle_connect.php --params "a:0:{}">>C:\_majordomo\htdocs/debmes/log_2015-12-03-cycle_connect.php.txt (at C:\_majordomo\htdocs\lib\general.class.php:547) 
15:40:58 DEBUG [root]: Closing thread: c:/_majordomo/server/php/php.exe -q ./scripts/cycle_skype.php --params "a:0:{}">>C:\_majordomo\htdocs/debmes/log_2015-12-03-cycle_skype.php.txt (at C:\_majordomo\htdocs\lib\general.class.php:547) 
15:42:06 DEBUG [root]: Closing thread: c:/_majordomo/server/php/php.exe -q ./scripts/cycle_execs.php --params "a:0:{}">>C:\_majordomo\htdocs/debmes/log_2015-12-03-cycle_execs.php.txt (at C:\_majordomo\htdocs\lib\general.class.php:547) 
15:42:06 DEBUG [root]: Closing thread: c:/_majordomo/server/php/php.exe -q ./scripts/cycle_main.php --params "a:0:{}">>C:\_majordomo\htdocs/debmes/log_2015-12-03-cycle_main.php.txt (at C:\_majordomo\htdocs\lib\general.class.php:547) 
15:42:06 DEBUG [root]: Closing thread: c:/_majordomo/server/php/php.exe -q ./scripts/cycle_ping.php --params "a:0:{}">>C:\_majordomo\htdocs/debmes/log_2015-12-03-cycle_ping.php.txt (at C:\_majordomo\htdocs\lib\general.class.php:547) 
15:42:06 DEBUG [root]: Closing thread: c:/_majordomo/server/php/php.exe -q ./scripts/cycle_rss.php --params "a:0:{}">>C:\_majordomo\htdocs/debmes/log_2015-12-03-cycle_rss.php.txt (at C:\_majordomo\htdocs\lib\general.class.php:547) 
15:42:06 DEBUG [root]: Closing thread: c:/_majordomo/server/php/php.exe -q ./scripts/cycle_scheduler.php --params "a:0:{}">>C:\_majordomo\htdocs/debmes/log_2015-12-03-cycle_scheduler.php.txt (at C:\_majordomo\htdocs\lib\general.class.php:547) 
15:42:06 DEBUG [root]: Closing thread: c:/_majordomo/server/php/php.exe -q ./scripts/cycle_states.php --params "a:0:{}">>C:\_majordomo\htdocs/debmes/log_2015-12-03-cycle_states.php.txt (at C:\_majordomo\htdocs\lib\general.class.php:547) 
15:42:06 DEBUG [root]: Closing thread: c:/_majordomo/server/php/php.exe -q ./scripts/cycle_webvars.php --params "a:0:{}">>C:\_majordomo\htdocs/debmes/log_2015-12-03-cycle_webvars.php.txt (at C:\_majordomo\htdocs\lib\general.class.php:547) 
15:42:07 DEBUG [root]: RESTARTING: ./scripts/cycle_execs.php (at C:\_majordomo\htdocs\lib\general.class.php:547) 
15:42:07 DEBUG [root]: RESTARTING: ./scripts/cycle_main.php (at C:\_majordomo\htdocs\lib\general.class.php:547) 
15:42:07 DEBUG [root]: RESTARTING: ./scripts/cycle_ping.php (at C:\_majordomo\htdocs\lib\general.class.php:547) 
15:42:07 DEBUG [root]: RESTARTING: ./scripts/cycle_scheduler.php (at C:\_majordomo\htdocs\lib\general.class.php:547) 
15:42:07 DEBUG [root]: RESTARTING: ./scripts/cycle_states.php (at C:\_majordomo\htdocs\lib\general.class.php:547) 
15:42:07 DEBUG [root]: RESTARTING: ./scripts/cycle_webvars.php (at C:\_majordomo\htdocs\lib\general.class.php:547) 
14:42:17 DEBUG [root]: Running maintenance script (at C:\_majordomo\htdocs\lib\general.class.php:547) 
14:42:27 DEBUG [root]: Starting ./scripts/cycle_connect.php ...  (at C:\_majordomo\htdocs\lib\general.class.php:547) 
14:42:27 DEBUG [root]: Starting ./scripts/cycle_execs.php ...  (at C:\_majordomo\htdocs\lib\general.class.php:547) 
14:42:27 DEBUG [root]: Starting ./scripts/cycle_main.php ...  (at C:\_majordomo\htdocs\lib\general.class.php:547) 
14:42:27 DEBUG [root]: Starting ./scripts/cycle_ping.php ...  (at C:\_majordomo\htdocs\lib\general.class.php:547) 
14:42:27 DEBUG [root]: Starting ./scripts/cycle_rss.php ...  (at C:\_majordomo\htdocs\lib\general.class.php:547) 
14:42:27 DEBUG [root]: Starting ./scripts/cycle_scheduler.php ...  (at C:\_majordomo\htdocs\lib\general.class.php:547) 
14:42:27 DEBUG [root]: Starting ./scripts/cycle_skype.php ...  (at C:\_majordomo\htdocs\lib\general.class.php:547) 
14:42:27 DEBUG [root]: Starting ./scripts/cycle_states.php ...  (at C:\_majordomo\htdocs\lib\general.class.php:547) 
14:42:27 DEBUG [root]: Starting ./scripts/cycle_websockets.php ...  (at C:\_majordomo\htdocs\lib\general.class.php:547) 
14:42:27 DEBUG [root]: Starting ./scripts/cycle_webvars.php ...  (at C:\_majordomo\htdocs\lib\general.class.php:547) 
14:42:27 DEBUG [root]: Starting ./scripts/cycle_X101_skype.php ...  (at C:\_majordomo\htdocs\lib\general.class.php:547) 
14:42:29 DEBUG [root]: Closing thread: c:/_majordomo/server/php/php.exe -q ./scripts/cycle_scheduler.php --params "a:0:{}">>C:\_majordomo\htdocs/debmes/log_2015-12-03-cycle_scheduler.php.txt (at C:\_majordomo\htdocs\lib\general.class.php:547) 
14:42:30 DEBUG [root]: Closing thread: c:/_majordomo/server/php/php.exe -q ./scripts/cycle_connect.php --params "a:0:{}">>C:\_majordomo\htdocs/debmes/log_2015-12-03-cycle_connect.php.txt (at C:\_majordomo\htdocs\lib\general.class.php:547) 
14:42:30 DEBUG [root]: Closing thread: c:/_majordomo/server/php/php.exe -q ./scripts/cycle_execs.php --params "a:0:{}">>C:\_majordomo\htdocs/debmes/log_2015-12-03-cycle_execs.php.txt (at C:\_majordomo\htdocs\lib\general.class.php:547) 
14:42:30 DEBUG [root]: Closing thread: c:/_majordomo/server/php/php.exe -q ./scripts/cycle_main.php --params "a:0:{}">>C:\_majordomo\htdocs/debmes/log_2015-12-03-cycle_main.php.txt (at C:\_majordomo\htdocs\lib\general.class.php:547) 
14:42:30 DEBUG [root]: Closing thread: c:/_majordomo/server/php/php.exe -q ./scripts/cycle_skype.php --params "a:0:{}">>C:\_majordomo\htdocs/debmes/log_2015-12-03-cycle_skype.php.txt (at C:\_majordomo\htdocs\lib\general.class.php:547) 
14:42:30 DEBUG [root]: Closing thread: c:/_majordomo/server/php/php.exe -q ./scripts/cycle_websockets.php --params "a:0:{}">>C:\_majordomo\htdocs/debmes/log_2015-12-03-cycle_websockets.php.txt (at C:\_majordomo\htdocs\lib\general.class.php:547) 
14:42:32 DEBUG [root]: Closing thread: c:/_majordomo/server/php/php.exe -q ./scripts/cycle_ping.php --params "a:0:{}">>C:\_majordomo\htdocs/debmes/log_2015-12-03-cycle_ping.php.txt (at C:\_majordomo\htdocs\lib\general.class.php:547) 
14:42:32 DEBUG [root]: Closing thread: c:/_majordomo/server/php/php.exe -q ./scripts/cycle_rss.php --params "a:0:{}">>C:\_majordomo\htdocs/debmes/log_2015-12-03-cycle_rss.php.txt (at C:\_majordomo\htdocs\lib\general.class.php:547) 
14:42:33 DEBUG [root]: Closing thread: c:/_majordomo/server/php/php.exe -q ./scripts/cycle_states.php --params "a:0:{}">>C:\_majordomo\htdocs/debmes/log_2015-12-03-cycle_states.php.txt (at C:\_majordomo\htdocs\lib\general.class.php:547) 
14:42:38 DEBUG [root]: Closing thread: c:/_majordomo/server/php/php.exe -q ./scripts/cycle_webvars.php --params "a:0:{}">>C:\_majordomo\htdocs/debmes/log_2015-12-03-cycle_webvars.php.txt (at C:\_majordomo\htdocs\lib\general.class.php:547) 
14:42:46 DEBUG [root]: Running maintenance script (at C:\_majordomo\htdocs\lib\general.class.php:547) 
14:42:55 DEBUG [root]: Starting ./scripts/cycle_connect.php ...  (at C:\_majordomo\htdocs\lib\general.class.php:547) 
14:42:55 DEBUG [root]: Starting ./scripts/cycle_execs.php ...  (at C:\_majordomo\htdocs\lib\general.class.php:547) 
14:42:55 DEBUG [root]: Starting ./scripts/cycle_main.php ...  (at C:\_majordomo\htdocs\lib\general.class.php:547) 
14:42:55 DEBUG [root]: Starting ./scripts/cycle_ping.php ...  (at C:\_majordomo\htdocs\lib\general.class.php:547) 
14:42:55 DEBUG [root]: Starting ./scripts/cycle_rss.php ...  (at C:\_majordomo\htdocs\lib\general.class.php:547) 
14:42:56 DEBUG [root]: Starting ./scripts/cycle_scheduler.php ...  (at C:\_majordomo\htdocs\lib\general.class.php:547) 
14:42:57 DEBUG [root]: Starting ./scripts/cycle_skype.php ...  (at C:\_majordomo\htdocs\lib\general.class.php:547) 
14:42:58 DEBUG [root]: Starting ./scripts/cycle_states.php ...  (at C:\_majordomo\htdocs\lib\general.class.php:547) 
14:42:58 DEBUG [root]: Starting ./scripts/cycle_websockets.php ...  (at C:\_majordomo\htdocs\lib\general.class.php:547) 
14:42:58 DEBUG [root]: Starting ./scripts/cycle_webvars.php ...  (at C:\_majordomo\htdocs\lib\general.class.php:547) 
14:42:58 DEBUG [root]: Starting ./scripts/cycle_X101_skype.php ...  (at C:\_majordomo\htdocs\lib\general.class.php:547) 
14:42:58 DEBUG [root]: Closing thread: c:/_majordomo/server/php/php.exe -q ./scripts/cycle_connect.php --params "a:0:{}">>C:\_majordomo\htdocs/debmes/log_2015-12-03-cycle_connect.php.txt (at C:\_majordomo\htdocs\lib\general.class.php:547) 
14:43:00 DEBUG [root]: Closing thread: c:/_majordomo/server/php/php.exe -q ./scripts/cycle_skype.php --params "a:0:{}">>C:\_majordomo\htdocs/debmes/log_2015-12-03-cycle_skype.php.txt (at C:\_majordomo\htdocs\lib\general.class.php:547) 
